[2023-08-31 14:23:28] app.ERROR: Data from PrestaShop Addons is invalid, and cannot fallback on cache. [] []
[2023-08-31 14:23:34] app.INFO: Protect vendor folder in module blockwishlist [] []
[2023-08-31 14:23:34] app.INFO: Module blockwishlist has no vendor folder [] []
[2023-08-31 14:23:35] app.INFO: Protect vendor folder in module contactform [] []
[2023-08-31 14:23:35] app.INFO: Module contactform has no vendor folder [] []
[2023-08-31 14:23:36] app.INFO: Protect vendor folder in module dashactivity [] []
[2023-08-31 14:23:37] app.INFO: Module dashactivity has no vendor folder [] []
[2023-08-31 14:23:37] app.INFO: Protect vendor folder in module dashtrends [] []
[2023-08-31 14:23:37] app.INFO: Module dashtrends has no vendor folder [] []
[2023-08-31 14:23:41] app.INFO: Protect vendor folder in module dashgoals [] []
[2023-08-31 14:23:41] app.INFO: Module dashgoals has no vendor folder [] []
[2023-08-31 14:23:42] app.INFO: Protect vendor folder in module dashproducts [] []
[2023-08-31 14:23:43] app.INFO: Module dashproducts has no vendor folder [] []
[2023-08-31 14:23:43] app.INFO: Protect vendor folder in module graphnvd3 [] []
[2023-08-31 14:23:43] app.INFO: Module graphnvd3 has no vendor folder [] []
[2023-08-31 14:23:44] app.INFO: Protect vendor folder in module gridhtml [] []
[2023-08-31 14:23:44] app.INFO: Module gridhtml has no vendor folder [] []
[2023-08-31 14:23:46] app.INFO: Protect vendor folder in module gsitemap [] []
[2023-08-31 14:23:46] app.INFO: Module gsitemap has no vendor folder [] []
[2023-08-31 14:23:47] app.INFO: Protect vendor folder in module pagesnotfound [] []
[2023-08-31 14:23:47] app.INFO: Module pagesnotfound has no vendor folder [] []
[2023-08-31 14:23:52] app.INFO: Protect vendor folder in module productcomments [] []
[2023-08-31 14:23:52] app.INFO: Module productcomments has no vendor folder [] []
[2023-08-31 14:23:53] app.INFO: Protect vendor folder in module ps_banner [] []
[2023-08-31 14:23:53] app.INFO: Module ps_banner has no vendor folder [] []
[2023-08-31 14:23:54] app.INFO: Protect vendor folder in module ps_categorytree [] []
[2023-08-31 14:23:54] app.INFO: Module ps_categorytree has no vendor folder [] []
[2023-08-31 14:23:56] app.INFO: Protect vendor folder in module ps_checkpayment [] []
[2023-08-31 14:23:56] app.INFO: Module ps_checkpayment has no vendor folder [] []
[2023-08-31 14:23:57] app.INFO: Protect vendor folder in module ps_contactinfo [] []
[2023-08-31 14:23:57] app.INFO: Module ps_contactinfo has no vendor folder [] []
[2023-08-31 14:23:58] app.INFO: Protect vendor folder in module ps_crossselling [] []
[2023-08-31 14:23:58] app.INFO: Module ps_crossselling has no vendor folder [] []
[2023-08-31 14:23:59] app.INFO: Protect vendor folder in module ps_currencyselector [] []
[2023-08-31 14:23:59] app.INFO: Module ps_currencyselector has no vendor folder [] []
[2023-08-31 14:24:00] app.INFO: Protect vendor folder in module ps_customeraccountlinks [] []
[2023-08-31 14:24:00] app.INFO: Module ps_customeraccountlinks has no vendor folder [] []
[2023-08-31 14:24:01] app.INFO: Protect vendor folder in module ps_customersignin [] []
[2023-08-31 14:24:01] app.INFO: Module ps_customersignin has no vendor folder [] []
[2023-08-31 14:24:03] app.INFO: Protect vendor folder in module ps_customtext [] []
[2023-08-31 14:24:03] app.INFO: Module ps_customtext has no vendor folder [] []
[2023-08-31 14:24:04] app.INFO: Protect vendor folder in module ps_dataprivacy [] []
[2023-08-31 14:24:04] app.INFO: Module ps_dataprivacy has no vendor folder [] []
[2023-08-31 14:24:06] app.INFO: Protect vendor folder in module ps_emailsubscription [] []
[2023-08-31 14:24:06] app.INFO: Module ps_emailsubscription has no vendor folder [] []
[2023-08-31 14:24:15] app.INFO: Protect vendor folder in module ps_facetedsearch [] []
[2023-08-31 14:24:15] app.INFO: Module ps_facetedsearch has no vendor folder [] []
[2023-08-31 14:24:17] app.INFO: Protect vendor folder in module ps_faviconnotificationbo [] []
[2023-08-31 14:24:17] app.INFO: Module ps_faviconnotificationbo has no vendor folder [] []
[2023-08-31 14:24:18] app.INFO: Protect vendor folder in module ps_featuredproducts [] []
[2023-08-31 14:24:18] app.INFO: Module ps_featuredproducts has no vendor folder [] []
[2023-08-31 14:24:21] app.INFO: Protect vendor folder in module ps_imageslider [] []
[2023-08-31 14:24:21] app.INFO: Module ps_imageslider has no vendor folder [] []
[2023-08-31 14:24:22] app.INFO: Protect vendor folder in module ps_languageselector [] []
[2023-08-31 14:24:22] app.INFO: Module ps_languageselector has no vendor folder [] []
[2023-08-31 14:24:24] app.INFO: Protect vendor folder in module ps_linklist [] []
[2023-08-31 14:24:24] app.INFO: Module ps_linklist has no vendor folder [] []
[2023-08-31 14:24:28] app.INFO: Protect vendor folder in module ps_mainmenu [] []
[2023-08-31 14:24:28] app.INFO: Module ps_mainmenu has no vendor folder [] []
[2023-08-31 14:24:29] app.INFO: Protect vendor folder in module ps_searchbar [] []
[2023-08-31 14:24:29] app.INFO: Module ps_searchbar has no vendor folder [] []
[2023-08-31 14:24:29] app.INFO: Protect vendor folder in module ps_sharebuttons [] []
[2023-08-31 14:24:30] app.INFO: Module ps_sharebuttons has no vendor folder [] []
[2023-08-31 14:24:30] app.INFO: Protect vendor folder in module ps_shoppingcart [] []
[2023-08-31 14:24:31] app.INFO: Module ps_shoppingcart has no vendor folder [] []
[2023-08-31 14:24:32] app.INFO: Protect vendor folder in module ps_socialfollow [] []
[2023-08-31 14:24:32] app.INFO: Module ps_socialfollow has no vendor folder [] []
[2023-08-31 14:24:35] app.INFO: Protect vendor folder in module ps_themecusto [] []
[2023-08-31 14:24:35] app.INFO: Module ps_themecusto has no vendor folder [] []
[2023-08-31 14:24:36] app.INFO: Protect vendor folder in module ps_wirepayment [] []
[2023-08-31 14:24:36] app.INFO: Module ps_wirepayment has no vendor folder [] []
[2023-08-31 14:24:37] app.INFO: Protect vendor folder in module statsbestcategories [] []
[2023-08-31 14:24:37] app.INFO: Module statsbestcategories has no vendor folder [] []
[2023-08-31 14:24:38] app.INFO: Protect vendor folder in module statsbestcustomers [] []
[2023-08-31 14:24:38] app.INFO: Module statsbestcustomers has no vendor folder [] []
[2023-08-31 14:24:38] app.INFO: Protect vendor folder in module statsbestproducts [] []
[2023-08-31 14:24:38] app.INFO: Module statsbestproducts has no vendor folder [] []
[2023-08-31 14:24:39] app.INFO: Protect vendor folder in module statsbestsuppliers [] []
[2023-08-31 14:24:39] app.INFO: Module statsbestsuppliers has no vendor folder [] []
[2023-08-31 14:24:40] app.INFO: Protect vendor folder in module statsbestvouchers [] []
[2023-08-31 14:24:40] app.INFO: Module statsbestvouchers has no vendor folder [] []
[2023-08-31 14:24:41] app.INFO: Protect vendor folder in module statscarrier [] []
[2023-08-31 14:24:41] app.INFO: Module statscarrier has no vendor folder [] []
[2023-08-31 14:24:42] app.INFO: Protect vendor folder in module statscatalog [] []
[2023-08-31 14:24:42] app.INFO: Module statscatalog has no vendor folder [] []
[2023-08-31 14:24:42] app.INFO: Protect vendor folder in module statscheckup [] []
[2023-08-31 14:24:42] app.INFO: Module statscheckup has no vendor folder [] []
[2023-08-31 14:24:43] app.INFO: Protect vendor folder in module statsdata [] []
[2023-08-31 14:24:43] app.INFO: Module statsdata has no vendor folder [] []
[2023-08-31 14:24:44] app.INFO: Protect vendor folder in module statsforecast [] []
[2023-08-31 14:24:44] app.INFO: Module statsforecast has no vendor folder [] []
[2023-08-31 14:24:45] app.INFO: Protect vendor folder in module statsnewsletter [] []
[2023-08-31 14:24:45] app.INFO: Module statsnewsletter has no vendor folder [] []
[2023-08-31 14:24:46] app.INFO: Protect vendor folder in module statspersonalinfos [] []
[2023-08-31 14:24:46] app.INFO: Module statspersonalinfos has no vendor folder [] []
[2023-08-31 14:24:47] app.INFO: Protect vendor folder in module statsproduct [] []
[2023-08-31 14:24:47] app.INFO: Module statsproduct has no vendor folder [] []
[2023-08-31 14:24:47] app.INFO: Protect vendor folder in module statsregistrations [] []
[2023-08-31 14:24:47] app.INFO: Module statsregistrations has no vendor folder [] []
[2023-08-31 14:24:48] app.INFO: Protect vendor folder in module statssales [] []
[2023-08-31 14:24:48] app.INFO: Module statssales has no vendor folder [] []
[2023-08-31 14:24:49] app.INFO: Protect vendor folder in module statssearch [] []
[2023-08-31 14:24:49] app.INFO: Module statssearch has no vendor folder [] []
[2023-08-31 14:24:50] app.INFO: Protect vendor folder in module statsstock [] []
[2023-08-31 14:24:50] app.INFO: Module statsstock has no vendor folder [] []
[2023-08-31 14:24:51] app.INFO: Protect vendor folder in module welcome [] []
[2023-08-31 14:24:52] app.INFO: Module welcome has no vendor folder [] []
[2023-08-31 14:25:29] app.ERROR: Data from PrestaShop Addons is invalid, and cannot fallback on cache. [] []
[2023-08-31 14:25:32] app.INFO: Protect vendor folder in module blockreassurance [] []
[2023-08-31 14:25:32] app.INFO: Module blockreassurance has no vendor folder [] []
[2023-08-31 14:27:53] app.ERROR: Data from PrestaShop Addons is invalid, and cannot fallback on cache. [] []
[2023-08-31 14:28:08] app.INFO: Protect vendor folder in module ps_facetedsearch [] []
[2023-08-31 14:28:08] app.INFO: Module ps_facetedsearch has no vendor folder [] []
